0 verbose cli /opt/nodejs/bin/node /usr/local/bin/npm
1 info using npm@9.8.1
2 info using node@v18.18.0
3 timing npm:load:whichnode Completed in 2ms
4 timing config:load:defaults Completed in 3ms
5 timing config:load:file:/opt/nodejs/lib/node_modules/npm/npmrc Completed in 10ms
6 timing config:load:builtin Completed in 11ms
7 timing config:load:cli Completed in 5ms
8 timing config:load:env Completed in 0ms
9 timing config:load:file:/opt/.npmrc Completed in 0ms
10 timing config:load:project Completed in 1ms
11 timing config:load:file:/root/.npmrc Completed in 0ms
12 timing config:load:user Completed in 0ms
13 timing config:load:file:/opt/nodejs/etc/npmrc Completed in 1ms
14 timing config:load:global Completed in 1ms
15 timing config:load:setEnvs Completed in 1ms
16 timing config:load Completed in 23ms
17 timing npm:load:configload Completed in 23ms
18 timing config:load:flatten Completed in 4ms
19 timing npm:load:mkdirpcache Completed in 0ms
20 timing npm:load:mkdirplogs Completed in 1ms
21 verbose title npm
22 verbose argv "--version"
23 timing npm:load:setTitle Completed in 0ms
24 timing npm:load:display Completed in 1ms
25 verbose logfile logs-max:10 dir:/root/.npm/_logs/2023-10-01T08_23_52_708Z-
26 verbose logfile /root/.npm/_logs/2023-10-01T08_23_52_708Z-debug-0.log
27 timing npm:load:logFile Completed in 11ms
28 timing npm:load:timers Completed in 0ms
29 timing npm:load:configScope Completed in 0ms
30 timing npm:load Completed in 63ms
31 verbose exit 0
32 timing npm Completed in 71ms
33 info ok
